<?xml version="1.0" encoding="UTF-8"?>
<robot generator="Robot 6.1 (Python 3.11.4 on win32)" generated="20230724 18:44:22.233" rpa="false" schemaversion="4">
<suite id="s1" name="Panelscout2 Robotframework" source="C:\Users\Magda\Documents\GitHub\panelscout2_robotframework">
<suite id="s1-s1" name="Test Login Rf" source="C:\Users\Magda\Documents\GitHub\panelscout2_robotframework\test_login_rf.robot">
<test id="s1-s1-t1" name="List of matches played by the selected player" line="83">
<kw name="Open login page">
<kw name="Open Browser" library="SeleniumLibrary">
<arg>${LOGIN URL}</arg>
<arg>${BROWSER}</arg>
<doc>Opens a new browser instance to the optional ``url``.</doc>
<msg timestamp="20230724 18:44:22.416" level="INFO">Opening browser 'Chrome' to base url 'https://scouts-test.futbolkolektyw.pl/en'.</msg>
<msg timestamp="20230724 18:44:22.423" level="INFO">Executing: C:\Users\Magda\Documents\GitHub\panelscout2_robotframework\venv\Lib\site-packages\selenium\webdriver\common\windows\selenium-manager.exe --browser chrome --output json</msg>
<status status="PASS" starttime="20230724 18:44:22.415" endtime="20230724 18:44:24.418"/>
</kw>
<kw name="Title Should Be" library="SeleniumLibrary">
<arg>Scouts panel - sign in</arg>
<doc>Verifies that the current page title equals ``title``.</doc>
<msg timestamp="20230724 18:44:24.425" level="INFO">Page title is 'Scouts panel - sign in'.</msg>
<status status="PASS" starttime="20230724 18:44:24.418" endtime="20230724 18:44:24.425"/>
</kw>
<status status="PASS" starttime="20230724 18:44:22.415" endtime="20230724 18:44:24.425"/>
</kw>
<kw name="Type in email">
<kw name="Input Text" library="SeleniumLibrary">
<arg>${EMAILINPUT}</arg>
<arg>user02@getnada.com</arg>
<doc>Types the given ``text`` into the text field identified by ``locator``.</doc>
<msg timestamp="20230724 18:44:24.426" level="INFO">Typing text 'user02@getnada.com' into text field 'xpath=//*[@id='login']'.</msg>
<status status="PASS" starttime="20230724 18:44:24.426" endtime="20230724 18:44:24.602"/>
</kw>
<status status="PASS" starttime="20230724 18:44:24.426" endtime="20230724 18:44:24.602"/>
</kw>
<kw name="Type in password">
<kw name="Input Text" library="SeleniumLibrary">
<arg>${PASSWORDINPUT}</arg>
<arg>Test-1234</arg>
<doc>Types the given ``text`` into the text field identified by ``locator``.</doc>
<msg timestamp="20230724 18:44:24.603" level="INFO">Typing text 'Test-1234' into text field 'xpath=//*[@id='password']'.</msg>
<status status="PASS" starttime="20230724 18:44:24.603" endtime="20230724 18:44:24.716"/>
</kw>
<status status="PASS" starttime="20230724 18:44:24.603" endtime="20230724 18:44:24.716"/>
</kw>
<kw name="Click on the Sign in button">
<kw name="Click Element" library="SeleniumLibrary">
<arg>xpath=//*[@type='submit']</arg>
<doc>Click the element identified by ``locator``.</doc>
<msg timestamp="20230724 18:44:24.718" level="INFO">Clicking element 'xpath=//*[@type='submit']'.</msg>
<status status="PASS" starttime="20230724 18:44:24.717" endtime="20230724 18:44:24.763"/>
</kw>
<status status="PASS" starttime="20230724 18:44:24.717" endtime="20230724 18:44:24.763"/>
</kw>
<kw name="Assert dashboard">
<kw name="Wait Until Element Is Visible" library="SeleniumLibrary">
<arg>${PAGELOGO}</arg>
<doc>Waits until the element ``locator`` is visible.</doc>
<status status="PASS" starttime="20230724 18:44:24.764" endtime="20230724 18:44:25.689"/>
</kw>
<kw name="Title Should Be" library="SeleniumLibrary">
<arg>Scouts panel</arg>
<doc>Verifies that the current page title equals ``title``.</doc>
<msg timestamp="20230724 18:44:25.694" level="INFO">Page title is 'Scouts panel'.</msg>
<status status="PASS" starttime="20230724 18:44:25.689" endtime="20230724 18:44:25.694"/>
</kw>
<kw name="Capture Page Screenshot" library="SeleniumLibrary">
<arg>alert.png</arg>
<doc>Takes a screenshot of the current page and embeds it into a log file.</doc>
<msg timestamp="20230724 18:44:25.814" level="INFO" html="true">&lt;/td&gt;&lt;/tr&gt;&lt;tr&gt;&lt;td colspan="3"&gt;&lt;a href="alert.png"&gt;&lt;img src="alert.png" width="800px"&gt;&lt;/a&gt;</msg>
<status status="PASS" starttime="20230724 18:44:25.694" endtime="20230724 18:44:25.814"/>
</kw>
<status status="PASS" starttime="20230724 18:44:24.763" endtime="20230724 18:44:25.814"/>
</kw>
<kw name="Click on the Players button">
<kw name="Click Element" library="SeleniumLibrary">
<arg>xpath=//*[text()='Players']</arg>
<doc>Click the element identified by ``locator``.</doc>
<msg timestamp="20230724 18:44:25.815" level="INFO">Clicking element 'xpath=//*[text()='Players']'.</msg>
<status status="PASS" starttime="20230724 18:44:25.815" endtime="20230724 18:44:25.854"/>
</kw>
<status status="PASS" starttime="20230724 18:44:25.814" endtime="20230724 18:44:25.854"/>
</kw>
<kw name="Assert Players">
<kw name="Wait Until Page Contains Element" library="SeleniumLibrary">
<arg>xpath=//th[1]/span/button/span[1]/div/div[1]</arg>
<doc>Waits until the element ``locator`` appears on the current page.</doc>
<status status="PASS" starttime="20230724 18:44:25.855" endtime="20230724 18:44:28.170"/>
</kw>
<kw name="Capture Page Screenshot" library="SeleniumLibrary">
<arg>alert.png</arg>
<doc>Takes a screenshot of the current page and embeds it into a log file.</doc>
<msg timestamp="20230724 18:44:28.262" level="INFO" html="true">&lt;/td&gt;&lt;/tr&gt;&lt;tr&gt;&lt;td colspan="3"&gt;&lt;a href="alert.png"&gt;&lt;img src="alert.png" width="800px"&gt;&lt;/a&gt;</msg>
<status status="PASS" starttime="20230724 18:44:28.170" endtime="20230724 18:44:28.262"/>
</kw>
<status status="PASS" starttime="20230724 18:44:25.855" endtime="20230724 18:44:28.262"/>
</kw>
<kw name="Select any player from the list">
<kw name="Click Element" library="SeleniumLibrary">
<arg>//*[@id="MUIDataTableBodyRow-0"]/td[1]</arg>
<doc>Click the element identified by ``locator``.</doc>
<msg timestamp="20230724 18:44:28.263" level="INFO">Clicking element '//*[@id="MUIDataTableBodyRow-0"]/td[1]'.</msg>
<status status="PASS" starttime="20230724 18:44:28.263" endtime="20230724 18:44:29.446"/>
</kw>
<status status="PASS" starttime="20230724 18:44:28.262" endtime="20230724 18:44:29.446"/>
</kw>
<kw name="Click on the Matches button">
<kw name="Click Element" library="SeleniumLibrary">
<arg>xpath=//ul[2]/div[2]/div[2]/span</arg>
<doc>Click the element identified by ``locator``.</doc>
<msg timestamp="20230724 18:44:29.448" level="INFO">Clicking element 'xpath=//ul[2]/div[2]/div[2]/span'.</msg>
<status status="PASS" starttime="20230724 18:44:29.447" endtime="20230724 18:44:29.482"/>
</kw>
<status status="PASS" starttime="20230724 18:44:29.447" endtime="20230724 18:44:29.482"/>
</kw>
<kw name="Assert Matches">
<kw name="Wait Until Page Contains Element" library="SeleniumLibrary">
<arg>xpath=//main/a/button/span[1]</arg>
<doc>Waits until the element ``locator`` appears on the current page.</doc>
<status status="PASS" starttime="20230724 18:44:29.482" endtime="20230724 18:44:32.500"/>
</kw>
<kw name="Capture Page Screenshot" library="SeleniumLibrary">
<arg>alert.png</arg>
<doc>Takes a screenshot of the current page and embeds it into a log file.</doc>
<msg timestamp="20230724 18:44:32.585" level="INFO" html="true">&lt;/td&gt;&lt;/tr&gt;&lt;tr&gt;&lt;td colspan="3"&gt;&lt;a href="alert.png"&gt;&lt;img src="alert.png" width="800px"&gt;&lt;/a&gt;</msg>
<status status="PASS" starttime="20230724 18:44:32.500" endtime="20230724 18:44:32.586"/>
</kw>
<status status="PASS" starttime="20230724 18:44:29.482" endtime="20230724 18:44:32.586"/>
</kw>
<kw name="Close Browser" library="SeleniumLibrary" type="TEARDOWN">
<doc>Closes the current browser.</doc>
<status status="PASS" starttime="20230724 18:44:32.586" endtime="20230724 18:44:34.729"/>
</kw>
<status status="PASS" starttime="20230724 18:44:22.414" endtime="20230724 18:44:34.730"/>
</test>
<doc>Suite description #automated tests for scout website</doc>
<status status="PASS" starttime="20230724 18:44:22.254" endtime="20230724 18:44:34.736"/>
</suite>
<status status="PASS" starttime="20230724 18:44:22.235" endtime="20230724 18:44:34.743"/>
</suite>
<statistics>
<total>
<stat pass="1" fail="0" skip="0">All Tests</stat>
</total>
<tag>
</tag>
<suite>
<stat pass="1" fail="0" skip="0" id="s1" name="Panelscout2 Robotframework">Panelscout2 Robotframework</stat>
<stat pass="1" fail="0" skip="0" id="s1-s1" name="Test Login Rf">Panelscout2 Robotframework.Test Login Rf</stat>
</suite>
</statistics>
<errors>
</errors>
</robot>
