<?xml version="1.0" encoding="UTF-8"?>
<robot generator="Robot 6.1 (Python 3.11.4 on win32)" generated="20230801 18:36:36.936" rpa="false" schemaversion="4">
<suite id="s1" name="Panelscout2 Robotframework" source="C:\Users\Magda\Documents\GitHub\panelscout2_robotframework">
<suite id="s1-s1" name="Test" source="C:\Users\Magda\Documents\GitHub\panelscout2_robotframework\test.robot">
<test id="s1-s1-t1" name="Click button Add Player" line="44">
<kw name="Open login page">
<kw name="Open Browser" library="SeleniumLibrary">
<arg>${LOGIN URL}</arg>
<arg>${BROWSER}</arg>
<doc>Opens a new browser instance to the optional ``url``.</doc>
<msg timestamp="20230801 18:36:37.123" level="INFO">Opening browser 'Chrome' to base url 'https://dareit.futbolkolektyw.pl/en/login'.</msg>
<msg timestamp="20230801 18:36:37.132" level="INFO">Executing: C:\Users\Magda\Documents\GitHub\panelscout2_robotframework\venv\Lib\site-packages\selenium\webdriver\common\windows\selenium-manager.exe --browser chrome --output json</msg>
<status status="PASS" starttime="20230801 18:36:37.123" endtime="20230801 18:36:39.351"/>
</kw>
<kw name="Maximize Browser Window" library="SeleniumLibrary">
<doc>Maximizes current browser window.</doc>
<status status="PASS" starttime="20230801 18:36:39.351" endtime="20230801 18:36:39.474"/>
</kw>
<kw name="Title Should Be" library="SeleniumLibrary">
<arg>Scouts panel - sign in</arg>
<doc>Verifies that the current page title equals ``title``.</doc>
<msg timestamp="20230801 18:36:39.489" level="INFO">Page title is 'Scouts panel - sign in'.</msg>
<status status="PASS" starttime="20230801 18:36:39.474" endtime="20230801 18:36:39.489"/>
</kw>
<status status="PASS" starttime="20230801 18:36:37.122" endtime="20230801 18:36:39.490"/>
</kw>
<kw name="Type in email">
<kw name="Input Text" library="SeleniumLibrary">
<arg>${EMAILINPUT}</arg>
<arg>user02@getnada.com</arg>
<doc>Types the given ``text`` into the text field identified by ``locator``.</doc>
<msg timestamp="20230801 18:36:39.491" level="INFO">Typing text 'user02@getnada.com' into text field 'xpath=//*[@id='login']'.</msg>
<status status="PASS" starttime="20230801 18:36:39.491" endtime="20230801 18:36:39.656"/>
</kw>
<status status="PASS" starttime="20230801 18:36:39.490" endtime="20230801 18:36:39.656"/>
</kw>
<kw name="Type in password">
<kw name="Input Text" library="SeleniumLibrary">
<arg>${PASSWORDINPUT}</arg>
<arg>Test-1234</arg>
<doc>Types the given ``text`` into the text field identified by ``locator``.</doc>
<msg timestamp="20230801 18:36:39.657" level="INFO">Typing text 'Test-1234' into text field 'xpath=//*[@id='password']'.</msg>
<status status="PASS" starttime="20230801 18:36:39.657" endtime="20230801 18:36:39.777"/>
</kw>
<status status="PASS" starttime="20230801 18:36:39.657" endtime="20230801 18:36:39.777"/>
</kw>
<kw name="Click on the Sign in button">
<kw name="Click Element" library="SeleniumLibrary">
<arg>xpath=//*[@type='submit']</arg>
<doc>Click the element identified by ``locator``.</doc>
<msg timestamp="20230801 18:36:39.779" level="INFO">Clicking element 'xpath=//*[@type='submit']'.</msg>
<status status="PASS" starttime="20230801 18:36:39.778" endtime="20230801 18:36:39.828"/>
</kw>
<status status="PASS" starttime="20230801 18:36:39.778" endtime="20230801 18:36:39.828"/>
</kw>
<kw name="Assert dashboard">
<kw name="Wait Until Element Is Visible" library="SeleniumLibrary">
<arg>${PAGELOGO}</arg>
<doc>Waits until the element ``locator`` is visible.</doc>
<status status="PASS" starttime="20230801 18:36:39.829" endtime="20230801 18:36:41.816"/>
</kw>
<kw name="Capture Page Screenshot" library="SeleniumLibrary">
<arg>screenshots/login/dashboard-start.png</arg>
<doc>Takes a screenshot of the current page and embeds it into a log file.</doc>
<msg timestamp="20230801 18:36:42.006" level="INFO" html="true">&lt;/td&gt;&lt;/tr&gt;&lt;tr&gt;&lt;td colspan="3"&gt;&lt;a href="screenshots/login/dashboard-start.png"&gt;&lt;img src="screenshots/login/dashboard-start.png" width="800px"&gt;&lt;/a&gt;</msg>
<status status="PASS" starttime="20230801 18:36:41.817" endtime="20230801 18:36:42.006"/>
</kw>
<status status="PASS" starttime="20230801 18:36:39.829" endtime="20230801 18:36:42.006"/>
</kw>
<kw name="Click on the Add Player button">
<kw name="Click Element" library="SeleniumLibrary">
<arg>xpath=//*[text()='Add player']</arg>
<doc>Click the element identified by ``locator``.</doc>
<msg timestamp="20230801 18:36:42.007" level="INFO">Clicking element 'xpath=//*[text()='Add player']'.</msg>
<status status="PASS" starttime="20230801 18:36:42.007" endtime="20230801 18:36:42.045"/>
</kw>
<status status="PASS" starttime="20230801 18:36:42.007" endtime="20230801 18:36:42.045"/>
</kw>
<kw name="Assert Add a player">
<kw name="Wait Until Page Contains Element" library="SeleniumLibrary">
<arg>xpath=//form/div[1]/div/span</arg>
<doc>Waits until the element ``locator`` appears on the current page.</doc>
<status status="PASS" starttime="20230801 18:36:42.046" endtime="20230801 18:36:42.265"/>
</kw>
<status status="PASS" starttime="20230801 18:36:42.046" endtime="20230801 18:36:42.265"/>
</kw>
<kw name="Close Browser" library="SeleniumLibrary" type="TEARDOWN">
<doc>Closes the current browser.</doc>
<status status="PASS" starttime="20230801 18:36:42.265" endtime="20230801 18:36:44.416"/>
</kw>
<status status="PASS" starttime="20230801 18:36:37.122" endtime="20230801 18:36:44.418"/>
</test>
<doc>Suite description #automated tests for scout website</doc>
<status status="PASS" starttime="20230801 18:36:36.957" endtime="20230801 18:36:44.420"/>
</suite>
<status status="PASS" starttime="20230801 18:36:36.938" endtime="20230801 18:36:44.424"/>
</suite>
<statistics>
<total>
<stat pass="1" fail="0" skip="0">All Tests</stat>
</total>
<tag>
</tag>
<suite>
<stat pass="1" fail="0" skip="0" id="s1" name="Panelscout2 Robotframework">Panelscout2 Robotframework</stat>
<stat pass="1" fail="0" skip="0" id="s1-s1" name="Test">Panelscout2 Robotframework.Test</stat>
</suite>
</statistics>
<errors>
</errors>
</robot>
